2024-12-08 14:46:15 - INFO - {'body': {'urls': ['https://trade.1688.com/order/cashier.htm?orderId=4156480226667901415', 'https://trade.1688.com/order/cashier.htm?orderId=4156483538319901415', 'https://trade.1688.com/order/cashier.htm?orderId=4156221997077901415', 'https://trade.1688.com/order/cashier.htm?orderId=4156483647278901415', 'https://trade.1688.com/order/cashier.htm?orderId=4156482206613901415', 'https://trade.1688.com/order/cashier.htm?orderId=4156480694502901415', 'https://trade.1688.com/order/cashier.htm?orderId=4156311744386901415', 'https://trade.1688.com/order/cashier.htm?orderId=4156484438174901415', 'https://trade.1688.com/order/cashier.htm?orderId=4156482746569901415', 'https://trade.1688.com/order/cashier.htm?orderId=4156312860567901415', 'https://trade.1688.com/order/cashier.htm?orderId=4156323696190901415', 'https://trade.1688.com/order/cashier.htm?orderId=4156482782704901415', 'https://trade.1688.com/order/cashier.htm?orderId=4156486310039901415', 'https://trade.1688.com/order/cashier.htm?orderId=4156315020581901415', 'https://trade.1688.com/order/cashier.htm?orderId=4156487606221901415', 'https://trade.1688.com/order/cashier.htm?orderId=4156223113832901415', 'https://trade.1688.com/order/cashier.htm?orderId=4156315236814901415', 'https://trade.1688.com/order/cashier.htm?orderId=4156484690356901415', 'https://trade.1688.com/order/cashier.htm?orderId=4156221097792901415', 'https://trade.1688.com/order/cashier.htm?orderId=4156487930147901415', 'https://trade.1688.com/order/cashier.htm?orderId=4156316532439901415', 'https://trade.1688.com/order/cashier.htm?orderId=4156490091023901415', 'https://trade.1688.com/order/cashier.htm?orderId=4156483646979901415', 'https://trade.1688.com/order/cashier.htm?orderId=4156486346647901415', 'https://trade.1688.com/order/cashier.htm?orderId=4156313688990901415', 'https://trade.1688.com/order/cashier.htm?orderId=4156487895260901415', 'https://trade.1688.com/order/cashier.htm?orderId=4156316856544901415', 'https://trade.1688.com/order/cashier.htm?orderId=4156490379152901415', 'https://trade.1688.com/order/cashier.htm?orderId=4156488434244901415', 'https://trade.1688.com/order/cashier.htm?orderId=4156319340125901415', 'https://trade.1688.com/order/cashier.htm?orderId=4156488650393901415', 'https://trade.1688.com/order/cashier.htm?orderId=4156490235864901415', 'https://trade.1688.com/order/cashier.htm?orderId=4156225849568901415', 'https://trade.1688.com/order/cashier.htm?orderId=4156318836254901415', 'https://trade.1688.com/order/cashier.htm?orderId=4156489334667901415', 'https://trade.1688.com/order/cashier.htm?orderId=4156318440474901415', 'https://trade.1688.com/order/cashier.htm?orderId=4156490558216901415', 'https://trade.1688.com/order/cashier.htm?orderId=4156489982507901415', 'https://trade.1688.com/order/cashier.htm?orderId=4156319880025901415', 'https://trade.1688.com/order/cashier.htm?orderId=4156488398538901415', 'https://trade.1688.com/order/cashier.htm?orderId=4156221817127901415']}, 'businessId': None, 'callStartTime': None, 'callUseTime': None, 'errors': [], 'exceptionCode': None, 'location': None, 'message': None, 'status': '200', 'success': True}
2024-12-08 14:46:15 - INFO - 正在为......
2024-12-08 14:46:23 - INFO - 正在为......
2024-12-08 14:46:31 - INFO - 正在为......
2024-12-08 14:46:39 - INFO - 正在为......
2024-12-08 14:46:47 - INFO - 正在为......
2024-12-08 14:47:00 - INFO - 无法支付订单，请检查订单是否已取消: 
没有找到元素。
method: ele()
args: {'locator': '@data-channel=account_period', 'index': 1, 'timeout': 10}
2024-12-08 14:47:00 - INFO - 正在为......
2024-12-08 14:47:08 - INFO - 正在为......
2024-12-08 14:47:16 - INFO - 正在为......
2024-12-08 14:47:24 - INFO - 正在为......
2024-12-08 14:47:32 - INFO - 正在为......
2024-12-08 14:47:40 - INFO - 正在为......
2024-12-08 14:47:48 - INFO - 正在为......
2024-12-08 14:47:56 - INFO - 正在为......
2024-12-08 14:48:04 - INFO - 正在为......
2024-12-08 14:48:12 - INFO - 正在为......
2024-12-08 14:48:19 - INFO - 正在为......
2024-12-08 14:48:27 - INFO - 正在为......
2024-12-08 14:48:35 - INFO - 正在为......
2024-12-08 14:48:43 - INFO - 正在为......
2024-12-08 14:48:51 - INFO - 正在为......
2024-12-08 14:48:59 - INFO - 正在为......
2024-12-08 14:49:07 - INFO - 正在为......
2024-12-08 14:49:15 - INFO - 正在为......
2024-12-08 14:49:23 - INFO - 正在为......
2024-12-08 14:49:31 - INFO - 正在为......
2024-12-08 14:49:39 - INFO - 正在为......
2024-12-08 14:49:47 - INFO - 正在为......
2024-12-08 14:49:55 - INFO - 正在为......
2024-12-08 14:50:03 - INFO - 正在为......
2024-12-08 14:50:11 - INFO - 正在为......
2024-12-08 14:50:19 - INFO - 正在为......
2024-12-08 14:50:27 - INFO - 正在为......
2024-12-08 14:50:35 - INFO - 正在为......
2024-12-08 14:50:43 - INFO - 正在为......
2024-12-08 14:50:51 - INFO - 正在为......
2024-12-08 14:50:59 - INFO - 正在为......
2024-12-08 14:51:07 - INFO - 正在为......
2024-12-08 14:51:15 - INFO - 正在为......
2024-12-08 14:51:23 - INFO - 正在为......
2024-12-08 14:51:30 - INFO - 正在为......
2024-12-08 14:51:39 - INFO - 正在为......
