2024-12-21 17:19:50 - INFO - Adding job tentatively -- it will be properly scheduled when the scheduler starts
2024-12-21 17:19:50 - INFO - Added job "executor" to job store "default"
2024-12-21 17:19:50 - INFO - Scheduler started
2024-12-22 08:00:00 - INFO - Running job "executor (trigger: cron[day_of_week='sun', hour='8-23', minute='*/20'], next run at: 2024-12-22 08:00:00 CST)" (scheduled at 2024-12-22 08:00:00+08:00)
2024-12-22 08:00:00 - INFO - {'body': {'urls': []}, 'businessId': None, 'callStartTime': None, 'callUseTime': None, 'errors': [], 'exceptionCode': None, 'location': None, 'message': None, 'status': '200', 'success': True}
2024-12-22 08:00:00 - INFO - Job "executor (trigger: cron[day_of_week='sun', hour='8-23', minute='*/20'], next run at: 2024-12-22 08:20:00 CST)" executed successfully
2024-12-22 08:20:00 - INFO - Running job "executor (trigger: cron[day_of_week='sun', hour='8-23', minute='*/20'], next run at: 2024-12-22 08:40:00 CST)" (scheduled at 2024-12-22 08:20:00+08:00)
2024-12-22 08:20:00 - INFO - {'body': {'urls': []}, 'businessId': None, 'callStartTime': None, 'callUseTime': None, 'errors': [], 'exceptionCode': None, 'location': None, 'message': None, 'status': '200', 'success': True}
2024-12-22 08:20:00 - INFO - Job "executor (trigger: cron[day_of_week='sun', hour='8-23', minute='*/20'], next run at: 2024-12-22 08:40:00 CST)" executed successfully
2024-12-22 08:40:00 - INFO - Running job "executor (trigger: cron[day_of_week='sun', hour='8-23', minute='*/20'], next run at: 2024-12-22 09:00:00 CST)" (scheduled at 2024-12-22 08:40:00+08:00)
2024-12-22 08:40:00 - INFO - {'body': {'urls': []}, 'businessId': None, 'callStartTime': None, 'callUseTime': None, 'errors': [], 'exceptionCode': None, 'location': None, 'message': None, 'status': '200', 'success': True}
2024-12-22 08:40:00 - INFO - Job "executor (trigger: cron[day_of_week='sun', hour='8-23', minute='*/20'], next run at: 2024-12-22 09:00:00 CST)" executed successfully
2024-12-22 09:00:00 - INFO - Running job "executor (trigger: cron[day_of_week='sun', hour='8-23', minute='*/20'], next run at: 2024-12-22 09:20:00 CST)" (scheduled at 2024-12-22 09:00:00+08:00)
2024-12-22 09:00:02 - INFO - {'body': {'urls': []}, 'businessId': None, 'callStartTime': None, 'callUseTime': None, 'errors': [], 'exceptionCode': None, 'location': None, 'message': None, 'status': '200', 'success': True}
2024-12-22 09:00:02 - INFO - Job "executor (trigger: cron[day_of_week='sun', hour='8-23', minute='*/20'], next run at: 2024-12-22 09:20:00 CST)" executed successfully
2024-12-22 09:20:00 - INFO - Running job "executor (trigger: cron[day_of_week='sun', hour='8-23', minute='*/20'], next run at: 2024-12-22 09:40:00 CST)" (scheduled at 2024-12-22 09:20:00+08:00)
2024-12-22 09:20:00 - INFO - {'body': {'urls': []}, 'businessId': None, 'callStartTime': None, 'callUseTime': None, 'errors': [], 'exceptionCode': None, 'location': None, 'message': None, 'status': '200', 'success': True}
2024-12-22 09:20:00 - INFO - Job "executor (trigger: cron[day_of_week='sun', hour='8-23', minute='*/20'], next run at: 2024-12-22 09:40:00 CST)" executed successfully
2024-12-22 09:40:00 - INFO - Running job "executor (trigger: cron[day_of_week='sun', hour='8-23', minute='*/20'], next run at: 2024-12-22 10:00:00 CST)" (scheduled at 2024-12-22 09:40:00+08:00)
2024-12-22 09:40:00 - INFO - {'body': {'urls': []}, 'businessId': None, 'callStartTime': None, 'callUseTime': None, 'errors': [], 'exceptionCode': None, 'location': None, 'message': None, 'status': '200', 'success': True}
2024-12-22 09:40:00 - INFO - Job "executor (trigger: cron[day_of_week='sun', hour='8-23', minute='*/20'], next run at: 2024-12-22 10:00:00 CST)" executed successfully
2024-12-22 10:00:00 - INFO - Running job "executor (trigger: cron[day_of_week='sun', hour='8-23', minute='*/20'], next run at: 2024-12-22 10:20:00 CST)" (scheduled at 2024-12-22 10:00:00+08:00)
2024-12-22 10:00:00 - INFO - {'body': {'urls': []}, 'businessId': None, 'callStartTime': None, 'callUseTime': None, 'errors': [], 'exceptionCode': None, 'location': None, 'message': None, 'status': '200', 'success': True}
2024-12-22 10:00:00 - INFO - Job "executor (trigger: cron[day_of_week='sun', hour='8-23', minute='*/20'], next run at: 2024-12-22 10:20:00 CST)" executed successfully
2024-12-22 10:20:00 - INFO - Running job "executor (trigger: cron[day_of_week='sun', hour='8-23', minute='*/20'], next run at: 2024-12-22 10:40:00 CST)" (scheduled at 2024-12-22 10:20:00+08:00)
2024-12-22 10:20:00 - INFO - {'body': {'urls': []}, 'businessId': None, 'callStartTime': None, 'callUseTime': None, 'errors': [], 'exceptionCode': None, 'location': None, 'message': None, 'status': '200', 'success': True}
2024-12-22 10:20:00 - INFO - Job "executor (trigger: cron[day_of_week='sun', hour='8-23', minute='*/20'], next run at: 2024-12-22 10:40:00 CST)" executed successfully
2024-12-22 10:40:00 - INFO - Running job "executor (trigger: cron[day_of_week='sun', hour='8-23', minute='*/20'], next run at: 2024-12-22 11:00:00 CST)" (scheduled at 2024-12-22 10:40:00+08:00)
2024-12-22 10:40:01 - INFO - {'body': {'urls': ['https://trade.1688.com/order/cashier.htm?orderId=4175443260379901415', 'https://trade.1688.com/order/cashier.htm?orderId=4175299585109901415', 'https://trade.1688.com/order/cashier.htm?orderId=4175296453908901415', 'https://trade.1688.com/order/cashier.htm?orderId=4175601482851901415', 'https://trade.1688.com/order/cashier.htm?orderId=4175603642534901415', 'https://trade.1688.com/order/cashier.htm?orderId=4175630247970901415', 'https://trade.1688.com/order/cashier.htm?orderId=4175631003931901415']}, 'businessId': None, 'callStartTime': None, 'callUseTime': None, 'errors': [], 'exceptionCode': None, 'location': None, 'message': None, 'status': '200', 'success': True}
2024-12-22 10:40:01 - INFO - 正在为$4175443260379901415付款......
2024-12-22 10:40:16 - INFO - 无法支付订单，请检查订单是否已取消: 
没有找到元素。
method: ele()
args: {'locator': '@data-channel=account_period', 'index': 1, 'timeout': 10}
2024-12-22 10:40:16 - INFO - 正在为$4175299585109901415付款......
2024-12-22 10:40:25 - INFO - 正在为$4175296453908901415付款......
2024-12-22 10:40:33 - INFO - 正在为$4175601482851901415付款......
2024-12-22 10:40:41 - INFO - 正在为$4175603642534901415付款......
2024-12-22 10:40:50 - INFO - 正在为$4175630247970901415付款......
2024-12-22 10:40:57 - INFO - 正在为$4175631003931901415付款......
2024-12-22 10:41:05 - INFO - Job "executor (trigger: cron[day_of_week='sun', hour='8-23', minute='*/20'], next run at: 2024-12-22 11:00:00 CST)" executed successfully
2024-12-22 11:00:00 - INFO - Running job "executor (trigger: cron[day_of_week='sun', hour='8-23', minute='*/20'], next run at: 2024-12-22 11:20:00 CST)" (scheduled at 2024-12-22 11:00:00+08:00)
2024-12-22 11:00:03 - INFO - {'body': {'urls': ['https://trade.1688.com/order/cashier.htm?orderId=4175294221848901415', 'https://trade.1688.com/order/cashier.htm?orderId=4175443260379901415', 'https://trade.1688.com/order/cashier.htm?orderId=4175303545008901415', 'https://trade.1688.com/order/cashier.htm?orderId=4175302645274901415']}, 'businessId': None, 'callStartTime': None, 'callUseTime': None, 'errors': [], 'exceptionCode': None, 'location': None, 'message': None, 'status': '200', 'success': True}
2024-12-22 11:00:03 - INFO - 正在为$4175294221848901415付款......
2024-12-22 11:00:12 - INFO - 正在为$4175443260379901415付款......
2024-12-22 11:00:12 - INFO - 跳过无法支付的订单 URL: https://trade.1688.com/order/cashier.htm?orderId=4175443260379901415
2024-12-22 11:00:12 - INFO - 正在为$4175303545008901415付款......
2024-12-22 11:00:20 - INFO - 正在为$4175302645274901415付款......
2024-12-22 11:00:28 - INFO - Job "executor (trigger: cron[day_of_week='sun', hour='8-23', minute='*/20'], next run at: 2024-12-22 11:20:00 CST)" executed successfully
2024-12-22 11:20:00 - INFO - Running job "executor (trigger: cron[day_of_week='sun', hour='8-23', minute='*/20'], next run at: 2024-12-22 11:40:00 CST)" (scheduled at 2024-12-22 11:20:00+08:00)
2024-12-22 11:20:00 - INFO - {'body': {'urls': ['https://trade.1688.com/order/cashier.htm?orderId=4175294221848901415', 'https://trade.1688.com/order/cashier.htm?orderId=4175443260379901415']}, 'businessId': None, 'callStartTime': None, 'callUseTime': None, 'errors': [], 'exceptionCode': None, 'location': None, 'message': None, 'status': '200', 'success': True}
2024-12-22 11:20:00 - INFO - 正在为$4175294221848901415付款......
2024-12-22 11:20:08 - INFO - 正在为$4175443260379901415付款......
2024-12-22 11:20:08 - INFO - 跳过无法支付的订单 URL: https://trade.1688.com/order/cashier.htm?orderId=4175443260379901415
2024-12-22 11:20:08 - INFO - Job "executor (trigger: cron[day_of_week='sun', hour='8-23', minute='*/20'], next run at: 2024-12-22 11:40:00 CST)" executed successfully
2024-12-22 11:40:00 - INFO - Running job "executor (trigger: cron[day_of_week='sun', hour='8-23', minute='*/20'], next run at: 2024-12-22 12:00:00 CST)" (scheduled at 2024-12-22 11:40:00+08:00)
2024-12-22 11:40:00 - INFO - {'body': {'urls': ['https://trade.1688.com/order/cashier.htm?orderId=4175296849274901415', 'https://trade.1688.com/order/cashier.htm?orderId=4175626107659901415', 'https://trade.1688.com/order/cashier.htm?orderId=4175441820965901415', 'https://trade.1688.com/order/cashier.htm?orderId=4175294221848901415', 'https://trade.1688.com/order/cashier.htm?orderId=4175443260379901415', 'https://trade.1688.com/order/cashier.htm?orderId=4175301205221901415']}, 'businessId': None, 'callStartTime': None, 'callUseTime': None, 'errors': [], 'exceptionCode': None, 'location': None, 'message': None, 'status': '200', 'success': True}
2024-12-22 11:40:00 - INFO - 正在为$4175296849274901415付款......
2024-12-22 11:40:09 - INFO - 正在为$4175626107659901415付款......
2024-12-22 11:40:17 - INFO - 正在为$4175441820965901415付款......
2024-12-22 11:40:25 - INFO - 正在为$4175294221848901415付款......
2024-12-22 11:40:34 - INFO - 正在为$4175443260379901415付款......
2024-12-22 11:40:34 - INFO - 跳过无法支付的订单 URL: https://trade.1688.com/order/cashier.htm?orderId=4175443260379901415
2024-12-22 11:40:34 - INFO - 正在为$4175301205221901415付款......
2024-12-22 11:40:42 - INFO - Job "executor (trigger: cron[day_of_week='sun', hour='8-23', minute='*/20'], next run at: 2024-12-22 12:00:00 CST)" executed successfully
2024-12-22 12:00:00 - INFO - Running job "executor (trigger: cron[day_of_week='sun', hour='8-23', minute='*/20'], next run at: 2024-12-22 12:20:00 CST)" (scheduled at 2024-12-22 12:00:00+08:00)
2024-12-22 12:00:03 - INFO - {'body': {'urls': ['https://trade.1688.com/order/cashier.htm?orderId=4175443512874901415', 'https://trade.1688.com/order/cashier.htm?orderId=4175602814089901415', 'https://trade.1688.com/order/cashier.htm?orderId=4175294221848901415', 'https://trade.1688.com/order/cashier.htm?orderId=4175443260379901415', 'https://trade.1688.com/order/cashier.htm?orderId=4175299333551901415']}, 'businessId': None, 'callStartTime': None, 'callUseTime': None, 'errors': [], 'exceptionCode': None, 'location': None, 'message': None, 'status': '200', 'success': True}
2024-12-22 12:00:03 - INFO - 正在为$4175443512874901415付款......
2024-12-22 12:00:12 - INFO - 正在为$4175602814089901415付款......
2024-12-22 12:00:20 - INFO - 正在为$4175294221848901415付款......
2024-12-22 12:00:28 - INFO - 正在为$4175443260379901415付款......
2024-12-22 12:00:28 - INFO - 跳过无法支付的订单 URL: https://trade.1688.com/order/cashier.htm?orderId=4175443260379901415
2024-12-22 12:00:28 - INFO - 正在为$4175299333551901415付款......
2024-12-22 12:00:36 - INFO - Job "executor (trigger: cron[day_of_week='sun', hour='8-23', minute='*/20'], next run at: 2024-12-22 12:20:00 CST)" executed successfully
2024-12-22 12:20:00 - INFO - Running job "executor (trigger: cron[day_of_week='sun', hour='8-23', minute='*/20'], next run at: 2024-12-22 12:40:00 CST)" (scheduled at 2024-12-22 12:20:00+08:00)
2024-12-22 12:20:00 - INFO - {'body': {'urls': ['https://trade.1688.com/order/cashier.htm?orderId=4175606198464901415', 'https://trade.1688.com/order/cashier.htm?orderId=4175294221848901415', 'https://trade.1688.com/order/cashier.htm?orderId=4175443260379901415', 'https://trade.1688.com/order/cashier.htm?orderId=4175450244030901415', 'https://trade.1688.com/order/cashier.htm?orderId=4175302033177901415']}, 'businessId': None, 'callStartTime': None, 'callUseTime': None, 'errors': [], 'exceptionCode': None, 'location': None, 'message': None, 'status': '200', 'success': True}
2024-12-22 12:20:00 - INFO - 正在为$4175606198464901415付款......
2024-12-22 12:20:09 - INFO - 正在为$4175294221848901415付款......
2024-12-22 12:20:17 - INFO - 正在为$4175443260379901415付款......
2024-12-22 12:20:17 - INFO - 跳过无法支付的订单 URL: https://trade.1688.com/order/cashier.htm?orderId=4175443260379901415
2024-12-22 12:20:17 - INFO - 正在为$4175450244030901415付款......
2024-12-22 12:20:25 - INFO - 正在为$4175302033177901415付款......
2024-12-22 12:20:33 - INFO - Job "executor (trigger: cron[day_of_week='sun', hour='8-23', minute='*/20'], next run at: 2024-12-22 12:40:00 CST)" executed successfully
2024-12-22 12:40:00 - INFO - Running job "executor (trigger: cron[day_of_week='sun', hour='8-23', minute='*/20'], next run at: 2024-12-22 13:00:00 CST)" (scheduled at 2024-12-22 12:40:00+08:00)
2024-12-22 12:40:00 - INFO - {'body': {'urls': ['https://trade.1688.com/order/cashier.htm?orderId=4175630391391901415', 'https://trade.1688.com/order/cashier.htm?orderId=4175294221848901415', 'https://trade.1688.com/order/cashier.htm?orderId=4175443260379901415', 'https://trade.1688.com/order/cashier.htm?orderId=4175445744433901415']}, 'businessId': None, 'callStartTime': None, 'callUseTime': None, 'errors': [], 'exceptionCode': None, 'location': None, 'message': None, 'status': '200', 'success': True}
2024-12-22 12:40:00 - INFO - 正在为$4175630391391901415付款......
2024-12-22 12:40:09 - INFO - 正在为$4175294221848901415付款......
2024-12-22 12:40:17 - INFO - 正在为$4175443260379901415付款......
2024-12-22 12:40:17 - INFO - 跳过无法支付的订单 URL: https://trade.1688.com/order/cashier.htm?orderId=4175443260379901415
2024-12-22 12:40:17 - INFO - 正在为$4175445744433901415付款......
2024-12-22 12:40:25 - INFO - Job "executor (trigger: cron[day_of_week='sun', hour='8-23', minute='*/20'], next run at: 2024-12-22 13:00:00 CST)" executed successfully
2024-12-22 13:00:00 - INFO - Running job "executor (trigger: cron[day_of_week='sun', hour='8-23', minute='*/20'], next run at: 2024-12-22 13:20:00 CST)" (scheduled at 2024-12-22 13:00:00+08:00)
2024-12-22 13:00:03 - INFO - {'body': {'urls': ['https://trade.1688.com/order/cashier.htm?orderId=4175626683608901415', 'https://trade.1688.com/order/cashier.htm?orderId=4175294221848901415', 'https://trade.1688.com/order/cashier.htm?orderId=4175443260379901415', 'https://trade.1688.com/order/cashier.htm?orderId=4175448516134901415', 'https://trade.1688.com/order/cashier.htm?orderId=4175447724603901415', 'https://trade.1688.com/order/cashier.htm?orderId=4175301781230901415']}, 'businessId': None, 'callStartTime': None, 'callUseTime': None, 'errors': [], 'exceptionCode': None, 'location': None, 'message': None, 'status': '200', 'success': True}
2024-12-22 13:00:03 - INFO - 正在为$4175626683608901415付款......
2024-12-22 13:00:12 - INFO - 正在为$4175294221848901415付款......
2024-12-22 13:00:19 - INFO - 正在为$4175443260379901415付款......
2024-12-22 13:00:19 - INFO - 跳过无法支付的订单 URL: https://trade.1688.com/order/cashier.htm?orderId=4175443260379901415
2024-12-22 13:00:19 - INFO - 正在为$4175448516134901415付款......
2024-12-22 13:00:28 - INFO - 正在为$4175447724603901415付款......
2024-12-22 13:00:36 - INFO - 正在为$4175301781230901415付款......
2024-12-22 13:00:45 - INFO - Job "executor (trigger: cron[day_of_week='sun', hour='8-23', minute='*/20'], next run at: 2024-12-22 13:20:00 CST)" executed successfully
2024-12-22 13:20:00 - INFO - Running job "executor (trigger: cron[day_of_week='sun', hour='8-23', minute='*/20'], next run at: 2024-12-22 13:40:00 CST)" (scheduled at 2024-12-22 13:20:00+08:00)
2024-12-22 13:20:00 - INFO - {'body': {'urls': ['https://trade.1688.com/order/cashier.htm?orderId=4175447436118901415', 'https://trade.1688.com/order/cashier.htm?orderId=4175294221848901415', 'https://trade.1688.com/order/cashier.htm?orderId=4175443260379901415', 'https://trade.1688.com/order/cashier.htm?orderId=4175447904124901415', 'https://trade.1688.com/order/cashier.htm?orderId=4175447724603901415', 'https://trade.1688.com/order/cashier.htm?orderId=4175449164271901415']}, 'businessId': None, 'callStartTime': None, 'callUseTime': None, 'errors': [], 'exceptionCode': None, 'location': None, 'message': None, 'status': '200', 'success': True}
2024-12-22 13:20:00 - INFO - 正在为$4175447436118901415付款......
2024-12-22 13:20:09 - INFO - 正在为$4175294221848901415付款......
2024-12-22 13:20:17 - INFO - 正在为$4175443260379901415付款......
2024-12-22 13:20:17 - INFO - 跳过无法支付的订单 URL: https://trade.1688.com/order/cashier.htm?orderId=4175443260379901415
2024-12-22 13:20:17 - INFO - 正在为$4175447904124901415付款......
2024-12-22 13:20:25 - INFO - 正在为$4175447724603901415付款......
2024-12-22 13:20:33 - INFO - 正在为$4175449164271901415付款......
2024-12-22 13:20:41 - INFO - Job "executor (trigger: cron[day_of_week='sun', hour='8-23', minute='*/20'], next run at: 2024-12-22 13:40:00 CST)" executed successfully
2024-12-22 13:40:00 - INFO - Running job "executor (trigger: cron[day_of_week='sun', hour='8-23', minute='*/20'], next run at: 2024-12-22 14:00:00 CST)" (scheduled at 2024-12-22 13:40:00+08:00)
2024-12-22 13:40:00 - INFO - {'body': {'urls': ['https://trade.1688.com/order/cashier.htm?orderId=4175294221848901415', 'https://trade.1688.com/order/cashier.htm?orderId=4175443260379901415', 'https://trade.1688.com/order/cashier.htm?orderId=4175601230552901415', 'https://trade.1688.com/order/cashier.htm?orderId=4175447904124901415', 'https://trade.1688.com/order/cashier.htm?orderId=4175447724603901415']}, 'businessId': None, 'callStartTime': None, 'callUseTime': None, 'errors': [], 'exceptionCode': None, 'location': None, 'message': None, 'status': '200', 'success': True}
2024-12-22 13:40:00 - INFO - 正在为$4175294221848901415付款......
2024-12-22 13:40:09 - INFO - 正在为$4175443260379901415付款......
2024-12-22 13:40:09 - INFO - 跳过无法支付的订单 URL: https://trade.1688.com/order/cashier.htm?orderId=4175443260379901415
2024-12-22 13:40:09 - INFO - 正在为$4175601230552901415付款......
2024-12-22 13:40:17 - INFO - 正在为$4175447904124901415付款......
2024-12-22 13:40:25 - INFO - 正在为$4175447724603901415付款......
2024-12-22 13:40:34 - INFO - Job "executor (trigger: cron[day_of_week='sun', hour='8-23', minute='*/20'], next run at: 2024-12-22 14:00:00 CST)" executed successfully
2024-12-22 14:00:00 - INFO - Running job "executor (trigger: cron[day_of_week='sun', hour='8-23', minute='*/20'], next run at: 2024-12-22 14:20:00 CST)" (scheduled at 2024-12-22 14:00:00+08:00)
2024-12-22 14:00:03 - INFO - {'body': {'urls': ['https://trade.1688.com/order/cashier.htm?orderId=4175294221848901415', 'https://trade.1688.com/order/cashier.htm?orderId=4175443260379901415', 'https://trade.1688.com/order/cashier.htm?orderId=4175445420264901415', 'https://trade.1688.com/order/cashier.htm?orderId=4175447904124901415', 'https://trade.1688.com/order/cashier.htm?orderId=4175447724603901415']}, 'businessId': None, 'callStartTime': None, 'callUseTime': None, 'errors': [], 'exceptionCode': None, 'location': None, 'message': None, 'status': '200', 'success': True}
2024-12-22 14:00:03 - INFO - 正在为$4175294221848901415付款......
2024-12-22 14:00:12 - INFO - 正在为$4175443260379901415付款......
2024-12-22 14:00:12 - INFO - 跳过无法支付的订单 URL: https://trade.1688.com/order/cashier.htm?orderId=4175443260379901415
2024-12-22 14:00:12 - INFO - 正在为$4175445420264901415付款......
2024-12-22 14:00:20 - INFO - 正在为$4175447904124901415付款......
2024-12-22 14:00:29 - INFO - 正在为$4175447724603901415付款......
2024-12-22 14:00:37 - INFO - Job "executor (trigger: cron[day_of_week='sun', hour='8-23', minute='*/20'], next run at: 2024-12-22 14:20:00 CST)" executed successfully
2024-12-22 14:20:00 - INFO - Running job "executor (trigger: cron[day_of_week='sun', hour='8-23', minute='*/20'], next run at: 2024-12-22 14:40:00 CST)" (scheduled at 2024-12-22 14:20:00+08:00)
2024-12-22 14:20:00 - INFO - {'body': {'urls': ['https://trade.1688.com/order/cashier.htm?orderId=4175294221848901415', 'https://trade.1688.com/order/cashier.htm?orderId=4175443260379901415', 'https://trade.1688.com/order/cashier.htm?orderId=4175447904124901415', 'https://trade.1688.com/order/cashier.htm?orderId=4175447724603901415']}, 'businessId': None, 'callStartTime': None, 'callUseTime': None, 'errors': [], 'exceptionCode': None, 'location': None, 'message': None, 'status': '200', 'success': True}
2024-12-22 14:20:00 - INFO - 正在为$4175294221848901415付款......
2024-12-22 14:20:10 - INFO - 正在为$4175443260379901415付款......
2024-12-22 14:20:10 - INFO - 跳过无法支付的订单 URL: https://trade.1688.com/order/cashier.htm?orderId=4175443260379901415
2024-12-22 14:20:10 - INFO - 正在为$4175447904124901415付款......
2024-12-22 14:20:18 - INFO - 正在为$4175447724603901415付款......
2024-12-22 14:20:26 - INFO - Job "executor (trigger: cron[day_of_week='sun', hour='8-23', minute='*/20'], next run at: 2024-12-22 14:40:00 CST)" executed successfully
2024-12-22 14:40:00 - INFO - Running job "executor (trigger: cron[day_of_week='sun', hour='8-23', minute='*/20'], next run at: 2024-12-22 15:00:00 CST)" (scheduled at 2024-12-22 14:40:00+08:00)
2024-12-22 14:40:00 - INFO - {'body': {'urls': ['https://trade.1688.com/order/cashier.htm?orderId=4175445060158901415', 'https://trade.1688.com/order/cashier.htm?orderId=4175299009166901415', 'https://trade.1688.com/order/cashier.htm?orderId=4175294221848901415', 'https://trade.1688.com/order/cashier.htm?orderId=4175443260379901415', 'https://trade.1688.com/order/cashier.htm?orderId=4175447904124901415', 'https://trade.1688.com/order/cashier.htm?orderId=4175447724603901415']}, 'businessId': None, 'callStartTime': None, 'callUseTime': None, 'errors': [], 'exceptionCode': None, 'location': None, 'message': None, 'status': '200', 'success': True}
2024-12-22 14:40:00 - INFO - 正在为$4175445060158901415付款......
2024-12-22 14:40:09 - INFO - 正在为$4175299009166901415付款......
2024-12-22 14:40:17 - INFO - 正在为$4175294221848901415付款......
2024-12-22 14:40:25 - INFO - 正在为$4175443260379901415付款......
2024-12-22 14:40:25 - INFO - 跳过无法支付的订单 URL: https://trade.1688.com/order/cashier.htm?orderId=4175443260379901415
2024-12-22 14:40:25 - INFO - 正在为$4175447904124901415付款......
2024-12-22 14:40:33 - INFO - 正在为$4175447724603901415付款......
2024-12-22 14:40:41 - INFO - Job "executor (trigger: cron[day_of_week='sun', hour='8-23', minute='*/20'], next run at: 2024-12-22 15:00:00 CST)" executed successfully
2024-12-22 15:00:00 - INFO - Running job "executor (trigger: cron[day_of_week='sun', hour='8-23', minute='*/20'], next run at: 2024-12-22 15:20:00 CST)" (scheduled at 2024-12-22 15:00:00+08:00)
2024-12-22 15:00:03 - INFO - {'body': {'urls': ['https://trade.1688.com/order/cashier.htm?orderId=4175445060158901415', 'https://trade.1688.com/order/cashier.htm?orderId=4175442360711901415', 'https://trade.1688.com/order/cashier.htm?orderId=4175294221848901415', 'https://trade.1688.com/order/cashier.htm?orderId=4175443260379901415', 'https://trade.1688.com/order/cashier.htm?orderId=4175447904124901415', 'https://trade.1688.com/order/cashier.htm?orderId=4175447724603901415']}, 'businessId': None, 'callStartTime': None, 'callUseTime': None, 'errors': [], 'exceptionCode': None, 'location': None, 'message': None, 'status': '200', 'success': True}
2024-12-22 15:00:03 - INFO - 正在为$4175445060158901415付款......
2024-12-22 15:00:12 - INFO - 正在为$4175442360711901415付款......
2024-12-22 15:00:20 - INFO - 正在为$4175294221848901415付款......
2024-12-22 15:00:28 - INFO - 正在为$4175443260379901415付款......
2024-12-22 15:00:28 - INFO - 跳过无法支付的订单 URL: https://trade.1688.com/order/cashier.htm?orderId=4175443260379901415
2024-12-22 15:00:28 - INFO - 正在为$4175447904124901415付款......
2024-12-22 15:00:36 - INFO - 正在为$4175447724603901415付款......
2024-12-22 15:00:44 - INFO - Job "executor (trigger: cron[day_of_week='sun', hour='8-23', minute='*/20'], next run at: 2024-12-22 15:20:00 CST)" executed successfully
2024-12-22 15:20:00 - INFO - Running job "executor (trigger: cron[day_of_week='sun', hour='8-23', minute='*/20'], next run at: 2024-12-22 15:40:00 CST)" (scheduled at 2024-12-22 15:20:00+08:00)
2024-12-22 15:20:00 - INFO - {'body': {'urls': ['https://trade.1688.com/order/cashier.htm?orderId=4175445060158901415', 'https://trade.1688.com/order/cashier.htm?orderId=4175294221848901415', 'https://trade.1688.com/order/cashier.htm?orderId=4175443260379901415', 'https://trade.1688.com/order/cashier.htm?orderId=4175447904124901415', 'https://trade.1688.com/order/cashier.htm?orderId=4175447724603901415']}, 'businessId': None, 'callStartTime': None, 'callUseTime': None, 'errors': [], 'exceptionCode': None, 'location': None, 'message': None, 'status': '200', 'success': True}
2024-12-22 15:20:00 - INFO - 正在为$4175445060158901415付款......
2024-12-22 15:20:11 - INFO - 正在为$4175294221848901415付款......
2024-12-22 15:20:19 - INFO - 正在为$4175443260379901415付款......
2024-12-22 15:20:19 - INFO - 跳过无法支付的订单 URL: https://trade.1688.com/order/cashier.htm?orderId=4175443260379901415
2024-12-22 15:20:19 - INFO - 正在为$4175447904124901415付款......
2024-12-22 15:20:27 - INFO - 正在为$4175447724603901415付款......
2024-12-22 15:20:35 - INFO - Job "executor (trigger: cron[day_of_week='sun', hour='8-23', minute='*/20'], next run at: 2024-12-22 15:40:00 CST)" executed successfully
2024-12-22 15:40:00 - INFO - Running job "executor (trigger: cron[day_of_week='sun', hour='8-23', minute='*/20'], next run at: 2024-12-22 16:00:00 CST)" (scheduled at 2024-12-22 15:40:00+08:00)
2024-12-22 15:40:00 - INFO - {'body': {'urls': ['https://trade.1688.com/order/cashier.htm?orderId=4175445060158901415', 'https://trade.1688.com/order/cashier.htm?orderId=4175294221848901415', 'https://trade.1688.com/order/cashier.htm?orderId=4175443260379901415', 'https://trade.1688.com/order/cashier.htm?orderId=4175447904124901415', 'https://trade.1688.com/order/cashier.htm?orderId=4175447724603901415']}, 'businessId': None, 'callStartTime': None, 'callUseTime': None, 'errors': [], 'exceptionCode': None, 'location': None, 'message': None, 'status': '200', 'success': True}
2024-12-22 15:40:00 - INFO - 正在为$4175445060158901415付款......
2024-12-22 15:40:09 - INFO - 正在为$4175294221848901415付款......
2024-12-22 15:40:18 - INFO - 正在为$4175443260379901415付款......
2024-12-22 15:40:18 - INFO - 跳过无法支付的订单 URL: https://trade.1688.com/order/cashier.htm?orderId=4175443260379901415
2024-12-22 15:40:18 - INFO - 正在为$4175447904124901415付款......
2024-12-22 15:40:26 - INFO - 正在为$4175447724603901415付款......
2024-12-22 15:40:34 - INFO - Job "executor (trigger: cron[day_of_week='sun', hour='8-23', minute='*/20'], next run at: 2024-12-22 16:00:00 CST)" executed successfully
2024-12-22 16:00:00 - INFO - Running job "executor (trigger: cron[day_of_week='sun', hour='8-23', minute='*/20'], next run at: 2024-12-22 16:20:00 CST)" (scheduled at 2024-12-22 16:00:00+08:00)
2024-12-22 16:00:03 - INFO - {'body': {'urls': ['https://trade.1688.com/order/cashier.htm?orderId=4175445060158901415', 'https://trade.1688.com/order/cashier.htm?orderId=4175294221848901415', 'https://trade.1688.com/order/cashier.htm?orderId=4175443260379901415', 'https://trade.1688.com/order/cashier.htm?orderId=4175447904124901415', 'https://trade.1688.com/order/cashier.htm?orderId=4175447724603901415']}, 'businessId': None, 'callStartTime': None, 'callUseTime': None, 'errors': [], 'exceptionCode': None, 'location': None, 'message': None, 'status': '200', 'success': True}
2024-12-22 16:00:03 - INFO - 正在为$4175445060158901415付款......
2024-12-22 16:00:12 - INFO - 正在为$4175294221848901415付款......
2024-12-22 16:00:20 - INFO - 正在为$4175443260379901415付款......
2024-12-22 16:00:20 - INFO - 跳过无法支付的订单 URL: https://trade.1688.com/order/cashier.htm?orderId=4175443260379901415
2024-12-22 16:00:20 - INFO - 正在为$4175447904124901415付款......
2024-12-22 16:00:29 - INFO - 正在为$4175447724603901415付款......
2024-12-22 16:00:40 - INFO - Job "executor (trigger: cron[day_of_week='sun', hour='8-23', minute='*/20'], next run at: 2024-12-22 16:20:00 CST)" executed successfully
2024-12-22 16:20:00 - INFO - Running job "executor (trigger: cron[day_of_week='sun', hour='8-23', minute='*/20'], next run at: 2024-12-22 16:40:00 CST)" (scheduled at 2024-12-22 16:20:00+08:00)
2024-12-22 16:20:00 - INFO - {'body': {'urls': ['https://trade.1688.com/order/cashier.htm?orderId=4175445060158901415', 'https://trade.1688.com/order/cashier.htm?orderId=4175294221848901415', 'https://trade.1688.com/order/cashier.htm?orderId=4175443260379901415', 'https://trade.1688.com/order/cashier.htm?orderId=4175447904124901415', 'https://trade.1688.com/order/cashier.htm?orderId=4175447724603901415']}, 'businessId': None, 'callStartTime': None, 'callUseTime': None, 'errors': [], 'exceptionCode': None, 'location': None, 'message': None, 'status': '200', 'success': True}
2024-12-22 16:20:00 - INFO - 正在为$4175445060158901415付款......
2024-12-22 16:20:09 - INFO - 正在为$4175294221848901415付款......
2024-12-22 16:20:17 - INFO - 正在为$4175443260379901415付款......
2024-12-22 16:20:17 - INFO - 跳过无法支付的订单 URL: https://trade.1688.com/order/cashier.htm?orderId=4175443260379901415
2024-12-22 16:20:17 - INFO - 正在为$4175447904124901415付款......
2024-12-22 16:20:25 - INFO - 正在为$4175447724603901415付款......
2024-12-22 16:20:34 - INFO - Job "executor (trigger: cron[day_of_week='sun', hour='8-23', minute='*/20'], next run at: 2024-12-22 16:40:00 CST)" executed successfully
2024-12-22 16:40:00 - INFO - Running job "executor (trigger: cron[day_of_week='sun', hour='8-23', minute='*/20'], next run at: 2024-12-22 17:00:00 CST)" (scheduled at 2024-12-22 16:40:00+08:00)
2024-12-22 16:40:00 - INFO - {'body': {'urls': ['https://trade.1688.com/order/cashier.htm?orderId=4175445060158901415', 'https://trade.1688.com/order/cashier.htm?orderId=4175294221848901415', 'https://trade.1688.com/order/cashier.htm?orderId=4175443260379901415', 'https://trade.1688.com/order/cashier.htm?orderId=4175447904124901415', 'https://trade.1688.com/order/cashier.htm?orderId=4175447724603901415', 'https://trade.1688.com/order/cashier.htm?orderId=4175448048897901415']}, 'businessId': None, 'callStartTime': None, 'callUseTime': None, 'errors': [], 'exceptionCode': None, 'location': None, 'message': None, 'status': '200', 'success': True}
2024-12-22 16:40:00 - INFO - 正在为$4175445060158901415付款......
2024-12-22 16:40:09 - INFO - 正在为$4175294221848901415付款......
2024-12-22 16:40:18 - INFO - 正在为$4175443260379901415付款......
2024-12-22 16:40:18 - INFO - 跳过无法支付的订单 URL: https://trade.1688.com/order/cashier.htm?orderId=4175443260379901415
2024-12-22 16:40:18 - INFO - 正在为$4175447904124901415付款......
2024-12-22 16:40:26 - INFO - 正在为$4175447724603901415付款......
2024-12-22 16:40:34 - INFO - 正在为$4175448048897901415付款......
2024-12-22 16:40:42 - INFO - Job "executor (trigger: cron[day_of_week='sun', hour='8-23', minute='*/20'], next run at: 2024-12-22 17:00:00 CST)" executed successfully
2024-12-22 17:00:00 - INFO - Running job "executor (trigger: cron[day_of_week='sun', hour='8-23', minute='*/20'], next run at: 2024-12-22 17:20:00 CST)" (scheduled at 2024-12-22 17:00:00+08:00)
2024-12-22 17:00:03 - INFO - {'body': {'urls': ['https://trade.1688.com/order/cashier.htm?orderId=4175445060158901415', 'https://trade.1688.com/order/cashier.htm?orderId=4175294221848901415', 'https://trade.1688.com/order/cashier.htm?orderId=4175443260379901415', 'https://trade.1688.com/order/cashier.htm?orderId=4175447904124901415', 'https://trade.1688.com/order/cashier.htm?orderId=4175447724603901415']}, 'businessId': None, 'callStartTime': None, 'callUseTime': None, 'errors': [], 'exceptionCode': None, 'location': None, 'message': None, 'status': '200', 'success': True}
2024-12-22 17:00:03 - INFO - 正在为$4175445060158901415付款......
2024-12-22 17:00:11 - INFO - 正在为$4175294221848901415付款......
2024-12-22 17:00:20 - INFO - 正在为$4175443260379901415付款......
2024-12-22 17:00:20 - INFO - 跳过无法支付的订单 URL: https://trade.1688.com/order/cashier.htm?orderId=4175443260379901415
2024-12-22 17:00:20 - INFO - 正在为$4175447904124901415付款......
2024-12-22 17:00:28 - INFO - 正在为$4175447724603901415付款......
2024-12-22 17:00:36 - INFO - Job "executor (trigger: cron[day_of_week='sun', hour='8-23', minute='*/20'], next run at: 2024-12-22 17:20:00 CST)" executed successfully
2024-12-22 17:20:00 - INFO - Running job "executor (trigger: cron[day_of_week='sun', hour='8-23', minute='*/20'], next run at: 2024-12-22 17:40:00 CST)" (scheduled at 2024-12-22 17:20:00+08:00)
2024-12-22 17:20:00 - INFO - {'body': {'urls': ['https://trade.1688.com/order/cashier.htm?orderId=4175445060158901415', 'https://trade.1688.com/order/cashier.htm?orderId=4175294221848901415', 'https://trade.1688.com/order/cashier.htm?orderId=4175443260379901415', 'https://trade.1688.com/order/cashier.htm?orderId=4175447904124901415', 'https://trade.1688.com/order/cashier.htm?orderId=4175447724603901415']}, 'businessId': None, 'callStartTime': None, 'callUseTime': None, 'errors': [], 'exceptionCode': None, 'location': None, 'message': None, 'status': '200', 'success': True}
2024-12-22 17:20:00 - INFO - 正在为$4175445060158901415付款......
2024-12-22 17:20:09 - INFO - 正在为$4175294221848901415付款......
2024-12-22 17:20:17 - INFO - 正在为$4175443260379901415付款......
2024-12-22 17:20:17 - INFO - 跳过无法支付的订单 URL: https://trade.1688.com/order/cashier.htm?orderId=4175443260379901415
2024-12-22 17:20:17 - INFO - 正在为$4175447904124901415付款......
2024-12-22 17:20:26 - INFO - 正在为$4175447724603901415付款......
2024-12-22 17:20:34 - INFO - Job "executor (trigger: cron[day_of_week='sun', hour='8-23', minute='*/20'], next run at: 2024-12-22 17:40:00 CST)" executed successfully
2024-12-22 17:40:00 - INFO - Running job "executor (trigger: cron[day_of_week='sun', hour='8-23', minute='*/20'], next run at: 2024-12-22 18:00:00 CST)" (scheduled at 2024-12-22 17:40:00+08:00)
2024-12-22 17:40:00 - INFO - {'body': {'urls': ['https://trade.1688.com/order/cashier.htm?orderId=4175445060158901415', 'https://trade.1688.com/order/cashier.htm?orderId=4175294221848901415', 'https://trade.1688.com/order/cashier.htm?orderId=4175443260379901415', 'https://trade.1688.com/order/cashier.htm?orderId=4175447904124901415', 'https://trade.1688.com/order/cashier.htm?orderId=4175447724603901415']}, 'businessId': None, 'callStartTime': None, 'callUseTime': None, 'errors': [], 'exceptionCode': None, 'location': None, 'message': None, 'status': '200', 'success': True}
2024-12-22 17:40:00 - INFO - 正在为$4175445060158901415付款......
2024-12-22 17:40:09 - INFO - 正在为$4175294221848901415付款......
2024-12-22 17:40:17 - INFO - 正在为$4175443260379901415付款......
2024-12-22 17:40:17 - INFO - 跳过无法支付的订单 URL: https://trade.1688.com/order/cashier.htm?orderId=4175443260379901415
2024-12-22 17:40:17 - INFO - 正在为$4175447904124901415付款......
2024-12-22 17:40:25 - INFO - 正在为$4175447724603901415付款......
2024-12-22 17:40:33 - INFO - Job "executor (trigger: cron[day_of_week='sun', hour='8-23', minute='*/20'], next run at: 2024-12-22 18:00:00 CST)" executed successfully
2024-12-22 18:00:00 - INFO - Running job "executor (trigger: cron[day_of_week='sun', hour='8-23', minute='*/20'], next run at: 2024-12-22 18:20:00 CST)" (scheduled at 2024-12-22 18:00:00+08:00)
2024-12-22 18:00:03 - INFO - {'body': {'urls': ['https://trade.1688.com/order/cashier.htm?orderId=4175445060158901415', 'https://trade.1688.com/order/cashier.htm?orderId=4175294221848901415', 'https://trade.1688.com/order/cashier.htm?orderId=4175443260379901415', 'https://trade.1688.com/order/cashier.htm?orderId=4175447904124901415', 'https://trade.1688.com/order/cashier.htm?orderId=4175447724603901415']}, 'businessId': None, 'callStartTime': None, 'callUseTime': None, 'errors': [], 'exceptionCode': None, 'location': None, 'message': None, 'status': '200', 'success': True}
2024-12-22 18:00:03 - INFO - 正在为$4175445060158901415付款......
2024-12-22 18:00:12 - INFO - 正在为$4175294221848901415付款......
2024-12-22 18:00:20 - INFO - 正在为$4175443260379901415付款......
2024-12-22 18:00:20 - INFO - 跳过无法支付的订单 URL: https://trade.1688.com/order/cashier.htm?orderId=4175443260379901415
2024-12-22 18:00:20 - INFO - 正在为$4175447904124901415付款......
2024-12-22 18:00:27 - INFO - 正在为$4175447724603901415付款......
2024-12-22 18:00:35 - INFO - Job "executor (trigger: cron[day_of_week='sun', hour='8-23', minute='*/20'], next run at: 2024-12-22 18:20:00 CST)" executed successfully
2024-12-22 18:20:00 - INFO - Running job "executor (trigger: cron[day_of_week='sun', hour='8-23', minute='*/20'], next run at: 2024-12-22 18:40:00 CST)" (scheduled at 2024-12-22 18:20:00+08:00)
2024-12-22 18:20:00 - INFO - {'body': {'urls': ['https://trade.1688.com/order/cashier.htm?orderId=4175445060158901415', 'https://trade.1688.com/order/cashier.htm?orderId=4175294221848901415', 'https://trade.1688.com/order/cashier.htm?orderId=4175443260379901415', 'https://trade.1688.com/order/cashier.htm?orderId=4175447904124901415', 'https://trade.1688.com/order/cashier.htm?orderId=4175447724603901415']}, 'businessId': None, 'callStartTime': None, 'callUseTime': None, 'errors': [], 'exceptionCode': None, 'location': None, 'message': None, 'status': '200', 'success': True}
2024-12-22 18:20:00 - INFO - 正在为$4175445060158901415付款......
2024-12-22 18:20:09 - INFO - 正在为$4175294221848901415付款......
2024-12-22 18:20:17 - INFO - 正在为$4175443260379901415付款......
2024-12-22 18:20:17 - INFO - 跳过无法支付的订单 URL: https://trade.1688.com/order/cashier.htm?orderId=4175443260379901415
2024-12-22 18:20:17 - INFO - 正在为$4175447904124901415付款......
2024-12-22 18:20:25 - INFO - 正在为$4175447724603901415付款......
2024-12-22 18:20:33 - INFO - Job "executor (trigger: cron[day_of_week='sun', hour='8-23', minute='*/20'], next run at: 2024-12-22 18:40:00 CST)" executed successfully
2024-12-22 18:40:00 - INFO - Running job "executor (trigger: cron[day_of_week='sun', hour='8-23', minute='*/20'], next run at: 2024-12-22 19:00:00 CST)" (scheduled at 2024-12-22 18:40:00+08:00)
2024-12-22 18:40:00 - INFO - {'body': {'urls': ['https://trade.1688.com/order/cashier.htm?orderId=4175445060158901415', 'https://trade.1688.com/order/cashier.htm?orderId=4175294221848901415', 'https://trade.1688.com/order/cashier.htm?orderId=4175443260379901415', 'https://trade.1688.com/order/cashier.htm?orderId=4175447904124901415', 'https://trade.1688.com/order/cashier.htm?orderId=4175447724603901415']}, 'businessId': None, 'callStartTime': None, 'callUseTime': None, 'errors': [], 'exceptionCode': None, 'location': None, 'message': None, 'status': '200', 'success': True}
2024-12-22 18:40:00 - INFO - 正在为$4175445060158901415付款......
2024-12-22 18:40:09 - INFO - 正在为$4175294221848901415付款......
2024-12-22 18:40:17 - INFO - 正在为$4175443260379901415付款......
2024-12-22 18:40:17 - INFO - 跳过无法支付的订单 URL: https://trade.1688.com/order/cashier.htm?orderId=4175443260379901415
2024-12-22 18:40:17 - INFO - 正在为$4175447904124901415付款......
2024-12-22 18:40:25 - INFO - 正在为$4175447724603901415付款......
2024-12-22 18:40:33 - INFO - Job "executor (trigger: cron[day_of_week='sun', hour='8-23', minute='*/20'], next run at: 2024-12-22 19:00:00 CST)" executed successfully
2024-12-22 19:00:00 - INFO - Running job "executor (trigger: cron[day_of_week='sun', hour='8-23', minute='*/20'], next run at: 2024-12-22 19:20:00 CST)" (scheduled at 2024-12-22 19:00:00+08:00)
2024-12-22 19:00:03 - INFO - {'body': {'urls': ['https://trade.1688.com/order/cashier.htm?orderId=4175445060158901415', 'https://trade.1688.com/order/cashier.htm?orderId=4175294221848901415', 'https://trade.1688.com/order/cashier.htm?orderId=4175443260379901415', 'https://trade.1688.com/order/cashier.htm?orderId=4175447904124901415', 'https://trade.1688.com/order/cashier.htm?orderId=4175447724603901415']}, 'businessId': None, 'callStartTime': None, 'callUseTime': None, 'errors': [], 'exceptionCode': None, 'location': None, 'message': None, 'status': '200', 'success': True}
2024-12-22 19:00:03 - INFO - 正在为$4175445060158901415付款......
2024-12-22 19:00:11 - INFO - 正在为$4175294221848901415付款......
2024-12-22 19:00:19 - INFO - 正在为$4175443260379901415付款......
2024-12-22 19:00:19 - INFO - 跳过无法支付的订单 URL: https://trade.1688.com/order/cashier.htm?orderId=4175443260379901415
2024-12-22 19:00:19 - INFO - 正在为$4175447904124901415付款......
2024-12-22 19:00:28 - INFO - 正在为$4175447724603901415付款......
2024-12-22 19:00:36 - INFO - Job "executor (trigger: cron[day_of_week='sun', hour='8-23', minute='*/20'], next run at: 2024-12-22 19:20:00 CST)" executed successfully
2024-12-22 19:20:00 - INFO - Running job "executor (trigger: cron[day_of_week='sun', hour='8-23', minute='*/20'], next run at: 2024-12-22 19:40:00 CST)" (scheduled at 2024-12-22 19:20:00+08:00)
2024-12-22 19:20:00 - INFO - {'body': {'urls': ['https://trade.1688.com/order/cashier.htm?orderId=4175445060158901415', 'https://trade.1688.com/order/cashier.htm?orderId=4175294221848901415', 'https://trade.1688.com/order/cashier.htm?orderId=4175443260379901415', 'https://trade.1688.com/order/cashier.htm?orderId=4175447904124901415', 'https://trade.1688.com/order/cashier.htm?orderId=4175447724603901415']}, 'businessId': None, 'callStartTime': None, 'callUseTime': None, 'errors': [], 'exceptionCode': None, 'location': None, 'message': None, 'status': '200', 'success': True}
2024-12-22 19:20:00 - INFO - 正在为$4175445060158901415付款......
2024-12-22 19:20:10 - INFO - 正在为$4175294221848901415付款......
2024-12-22 19:20:17 - INFO - 正在为$4175443260379901415付款......
2024-12-22 19:20:17 - INFO - 跳过无法支付的订单 URL: https://trade.1688.com/order/cashier.htm?orderId=4175443260379901415
2024-12-22 19:20:17 - INFO - 正在为$4175447904124901415付款......
2024-12-22 19:20:26 - INFO - 正在为$4175447724603901415付款......
2024-12-22 19:20:33 - INFO - Job "executor (trigger: cron[day_of_week='sun', hour='8-23', minute='*/20'], next run at: 2024-12-22 19:40:00 CST)" executed successfully
2024-12-22 19:40:00 - INFO - Running job "executor (trigger: cron[day_of_week='sun', hour='8-23', minute='*/20'], next run at: 2024-12-22 20:00:00 CST)" (scheduled at 2024-12-22 19:40:00+08:00)
2024-12-22 19:40:00 - INFO - {'body': {'urls': ['https://trade.1688.com/order/cashier.htm?orderId=4175445060158901415', 'https://trade.1688.com/order/cashier.htm?orderId=4175294221848901415', 'https://trade.1688.com/order/cashier.htm?orderId=4175443260379901415', 'https://trade.1688.com/order/cashier.htm?orderId=4175447904124901415', 'https://trade.1688.com/order/cashier.htm?orderId=4175447724603901415']}, 'businessId': None, 'callStartTime': None, 'callUseTime': None, 'errors': [], 'exceptionCode': None, 'location': None, 'message': None, 'status': '200', 'success': True}
2024-12-22 19:40:00 - INFO - 正在为$4175445060158901415付款......
2024-12-22 19:40:09 - INFO - 正在为$4175294221848901415付款......
2024-12-22 19:40:17 - INFO - 正在为$4175443260379901415付款......
2024-12-22 19:40:17 - INFO - 跳过无法支付的订单 URL: https://trade.1688.com/order/cashier.htm?orderId=4175443260379901415
2024-12-22 19:40:17 - INFO - 正在为$4175447904124901415付款......
2024-12-22 19:40:25 - INFO - 正在为$4175447724603901415付款......
2024-12-22 19:40:33 - INFO - Job "executor (trigger: cron[day_of_week='sun', hour='8-23', minute='*/20'], next run at: 2024-12-22 20:00:00 CST)" executed successfully
2024-12-22 20:00:00 - INFO - Running job "executor (trigger: cron[day_of_week='sun', hour='8-23', minute='*/20'], next run at: 2024-12-22 20:20:00 CST)" (scheduled at 2024-12-22 20:00:00+08:00)
2024-12-22 20:00:03 - INFO - {'body': {'urls': ['https://trade.1688.com/order/cashier.htm?orderId=4175445060158901415', 'https://trade.1688.com/order/cashier.htm?orderId=4175294221848901415', 'https://trade.1688.com/order/cashier.htm?orderId=4175443260379901415', 'https://trade.1688.com/order/cashier.htm?orderId=4175447904124901415', 'https://trade.1688.com/order/cashier.htm?orderId=4175447724603901415']}, 'businessId': None, 'callStartTime': None, 'callUseTime': None, 'errors': [], 'exceptionCode': None, 'location': None, 'message': None, 'status': '200', 'success': True}
2024-12-22 20:00:03 - INFO - 正在为$4175445060158901415付款......
2024-12-22 20:00:11 - INFO - 正在为$4175294221848901415付款......
2024-12-22 20:00:19 - INFO - 正在为$4175443260379901415付款......
2024-12-22 20:00:19 - INFO - 跳过无法支付的订单 URL: https://trade.1688.com/order/cashier.htm?orderId=4175443260379901415
2024-12-22 20:00:19 - INFO - 正在为$4175447904124901415付款......
2024-12-22 20:00:27 - INFO - 正在为$4175447724603901415付款......
2024-12-22 20:00:35 - INFO - Job "executor (trigger: cron[day_of_week='sun', hour='8-23', minute='*/20'], next run at: 2024-12-22 20:20:00 CST)" executed successfully
2024-12-22 20:20:00 - INFO - Running job "executor (trigger: cron[day_of_week='sun', hour='8-23', minute='*/20'], next run at: 2024-12-22 20:40:00 CST)" (scheduled at 2024-12-22 20:20:00+08:00)
2024-12-22 20:20:00 - INFO - {'body': {'urls': ['https://trade.1688.com/order/cashier.htm?orderId=4175445060158901415', 'https://trade.1688.com/order/cashier.htm?orderId=4175294221848901415', 'https://trade.1688.com/order/cashier.htm?orderId=4175443260379901415', 'https://trade.1688.com/order/cashier.htm?orderId=4175447904124901415', 'https://trade.1688.com/order/cashier.htm?orderId=4175447724603901415']}, 'businessId': None, 'callStartTime': None, 'callUseTime': None, 'errors': [], 'exceptionCode': None, 'location': None, 'message': None, 'status': '200', 'success': True}
2024-12-22 20:20:00 - INFO - 正在为$4175445060158901415付款......
2024-12-22 20:20:09 - INFO - 正在为$4175294221848901415付款......
2024-12-22 20:20:25 - INFO - 无法支付订单，请检查订单是否已取消: 
没有找到元素。
method: ele()
args: {'locator': '@data-channel=account_period', 'index': 1, 'timeout': 10}
2024-12-22 20:20:25 - INFO - 正在为$4175443260379901415付款......
2024-12-22 20:20:25 - INFO - 跳过无法支付的订单 URL: https://trade.1688.com/order/cashier.htm?orderId=4175443260379901415
2024-12-22 20:20:25 - INFO - 正在为$4175447904124901415付款......
2024-12-22 20:20:40 - INFO - 无法支付订单，请检查订单是否已取消: 
没有找到元素。
method: ele()
args: {'locator': '@data-channel=account_period', 'index': 1, 'timeout': 10}
2024-12-22 20:20:40 - INFO - 正在为$4175447724603901415付款......
2024-12-22 20:20:55 - INFO - 无法支付订单，请检查订单是否已取消: 
没有找到元素。
method: ele()
args: {'locator': '@data-channel=account_period', 'index': 1, 'timeout': 10}
2024-12-22 20:20:55 - INFO - Job "executor (trigger: cron[day_of_week='sun', hour='8-23', minute='*/20'], next run at: 2024-12-22 20:40:00 CST)" executed successfully
2024-12-22 20:40:00 - INFO - Running job "executor (trigger: cron[day_of_week='sun', hour='8-23', minute='*/20'], next run at: 2024-12-22 21:00:00 CST)" (scheduled at 2024-12-22 20:40:00+08:00)
2024-12-22 20:40:00 - INFO - {'body': {'urls': ['https://trade.1688.com/order/cashier.htm?orderId=4175445060158901415', 'https://trade.1688.com/order/cashier.htm?orderId=4175294221848901415', 'https://trade.1688.com/order/cashier.htm?orderId=4175443260379901415', 'https://trade.1688.com/order/cashier.htm?orderId=4175447904124901415', 'https://trade.1688.com/order/cashier.htm?orderId=4175447724603901415']}, 'businessId': None, 'callStartTime': None, 'callUseTime': None, 'errors': [], 'exceptionCode': None, 'location': None, 'message': None, 'status': '200', 'success': True}
2024-12-22 20:40:00 - INFO - 正在为$4175445060158901415付款......
2024-12-22 20:40:16 - INFO - 无法支付订单，请检查订单是否已取消: 
没有找到元素。
method: ele()
args: {'locator': '@data-channel=account_period', 'index': 1, 'timeout': 10}
2024-12-22 20:40:16 - INFO - 正在为$4175294221848901415付款......
2024-12-22 20:40:16 - INFO - 跳过无法支付的订单 URL: https://trade.1688.com/order/cashier.htm?orderId=4175294221848901415
2024-12-22 20:40:16 - INFO - 正在为$4175443260379901415付款......
2024-12-22 20:40:16 - INFO - 跳过无法支付的订单 URL: https://trade.1688.com/order/cashier.htm?orderId=4175443260379901415
2024-12-22 20:40:16 - INFO - 正在为$4175447904124901415付款......
2024-12-22 20:40:16 - INFO - 跳过无法支付的订单 URL: https://trade.1688.com/order/cashier.htm?orderId=4175447904124901415
2024-12-22 20:40:16 - INFO - 正在为$4175447724603901415付款......
2024-12-22 20:40:16 - INFO - 跳过无法支付的订单 URL: https://trade.1688.com/order/cashier.htm?orderId=4175447724603901415
2024-12-22 20:40:16 - INFO - Job "executor (trigger: cron[day_of_week='sun', hour='8-23', minute='*/20'], next run at: 2024-12-22 21:00:00 CST)" executed successfully
2024-12-22 21:00:00 - INFO - Running job "executor (trigger: cron[day_of_week='sun', hour='8-23', minute='*/20'], next run at: 2024-12-22 21:20:00 CST)" (scheduled at 2024-12-22 21:00:00+08:00)
2024-12-22 21:00:03 - INFO - {'body': {'urls': ['https://trade.1688.com/order/cashier.htm?orderId=4175445060158901415', 'https://trade.1688.com/order/cashier.htm?orderId=4175294221848901415', 'https://trade.1688.com/order/cashier.htm?orderId=4175443260379901415', 'https://trade.1688.com/order/cashier.htm?orderId=4175447904124901415', 'https://trade.1688.com/order/cashier.htm?orderId=4175447724603901415']}, 'businessId': None, 'callStartTime': None, 'callUseTime': None, 'errors': [], 'exceptionCode': None, 'location': None, 'message': None, 'status': '200', 'success': True}
2024-12-22 21:00:03 - INFO - 正在为$4175445060158901415付款......
2024-12-22 21:00:03 - INFO - 跳过无法支付的订单 URL: https://trade.1688.com/order/cashier.htm?orderId=4175445060158901415
2024-12-22 21:00:03 - INFO - 正在为$4175294221848901415付款......
2024-12-22 21:00:03 - INFO - 跳过无法支付的订单 URL: https://trade.1688.com/order/cashier.htm?orderId=4175294221848901415
2024-12-22 21:00:03 - INFO - 正在为$4175443260379901415付款......
2024-12-22 21:00:03 - INFO - 跳过无法支付的订单 URL: https://trade.1688.com/order/cashier.htm?orderId=4175443260379901415
2024-12-22 21:00:03 - INFO - 正在为$4175447904124901415付款......
2024-12-22 21:00:03 - INFO - 跳过无法支付的订单 URL: https://trade.1688.com/order/cashier.htm?orderId=4175447904124901415
2024-12-22 21:00:03 - INFO - 正在为$4175447724603901415付款......
2024-12-22 21:00:03 - INFO - 跳过无法支付的订单 URL: https://trade.1688.com/order/cashier.htm?orderId=4175447724603901415
2024-12-22 21:00:03 - INFO - Job "executor (trigger: cron[day_of_week='sun', hour='8-23', minute='*/20'], next run at: 2024-12-22 21:20:00 CST)" executed successfully
2024-12-22 21:20:00 - INFO - Running job "executor (trigger: cron[day_of_week='sun', hour='8-23', minute='*/20'], next run at: 2024-12-22 21:40:00 CST)" (scheduled at 2024-12-22 21:20:00+08:00)
2024-12-22 21:20:00 - INFO - {'body': {'urls': ['https://trade.1688.com/order/cashier.htm?orderId=4175445060158901415', 'https://trade.1688.com/order/cashier.htm?orderId=4175294221848901415', 'https://trade.1688.com/order/cashier.htm?orderId=4175443260379901415', 'https://trade.1688.com/order/cashier.htm?orderId=4175447904124901415', 'https://trade.1688.com/order/cashier.htm?orderId=4175447724603901415']}, 'businessId': None, 'callStartTime': None, 'callUseTime': None, 'errors': [], 'exceptionCode': None, 'location': None, 'message': None, 'status': '200', 'success': True}
2024-12-22 21:20:00 - INFO - 正在为$4175445060158901415付款......
2024-12-22 21:20:00 - INFO - 跳过无法支付的订单 URL: https://trade.1688.com/order/cashier.htm?orderId=4175445060158901415
2024-12-22 21:20:00 - INFO - 正在为$4175294221848901415付款......
2024-12-22 21:20:00 - INFO - 跳过无法支付的订单 URL: https://trade.1688.com/order/cashier.htm?orderId=4175294221848901415
2024-12-22 21:20:00 - INFO - 正在为$4175443260379901415付款......
2024-12-22 21:20:00 - INFO - 跳过无法支付的订单 URL: https://trade.1688.com/order/cashier.htm?orderId=4175443260379901415
2024-12-22 21:20:00 - INFO - 正在为$4175447904124901415付款......
2024-12-22 21:20:00 - INFO - 跳过无法支付的订单 URL: https://trade.1688.com/order/cashier.htm?orderId=4175447904124901415
2024-12-22 21:20:00 - INFO - 正在为$4175447724603901415付款......
2024-12-22 21:20:00 - INFO - 跳过无法支付的订单 URL: https://trade.1688.com/order/cashier.htm?orderId=4175447724603901415
2024-12-22 21:20:00 - INFO - Job "executor (trigger: cron[day_of_week='sun', hour='8-23', minute='*/20'], next run at: 2024-12-22 21:40:00 CST)" executed successfully
2024-12-22 21:40:00 - INFO - Running job "executor (trigger: cron[day_of_week='sun', hour='8-23', minute='*/20'], next run at: 2024-12-22 22:00:00 CST)" (scheduled at 2024-12-22 21:40:00+08:00)
2024-12-22 21:40:00 - INFO - {'body': {'urls': ['https://trade.1688.com/order/cashier.htm?orderId=4175294221848901415', 'https://trade.1688.com/order/cashier.htm?orderId=4175443260379901415', 'https://trade.1688.com/order/cashier.htm?orderId=4175447904124901415', 'https://trade.1688.com/order/cashier.htm?orderId=4175447724603901415']}, 'businessId': None, 'callStartTime': None, 'callUseTime': None, 'errors': [], 'exceptionCode': None, 'location': None, 'message': None, 'status': '200', 'success': True}
2024-12-22 21:40:00 - INFO - 正在为$4175294221848901415付款......
2024-12-22 21:40:00 - INFO - 跳过无法支付的订单 URL: https://trade.1688.com/order/cashier.htm?orderId=4175294221848901415
2024-12-22 21:40:00 - INFO - 正在为$4175443260379901415付款......
2024-12-22 21:40:00 - INFO - 跳过无法支付的订单 URL: https://trade.1688.com/order/cashier.htm?orderId=4175443260379901415
2024-12-22 21:40:00 - INFO - 正在为$4175447904124901415付款......
2024-12-22 21:40:00 - INFO - 跳过无法支付的订单 URL: https://trade.1688.com/order/cashier.htm?orderId=4175447904124901415
2024-12-22 21:40:00 - INFO - 正在为$4175447724603901415付款......
2024-12-22 21:40:00 - INFO - 跳过无法支付的订单 URL: https://trade.1688.com/order/cashier.htm?orderId=4175447724603901415
2024-12-22 21:40:00 - INFO - Job "executor (trigger: cron[day_of_week='sun', hour='8-23', minute='*/20'], next run at: 2024-12-22 22:00:00 CST)" executed successfully
2024-12-22 22:00:00 - INFO - Running job "executor (trigger: cron[day_of_week='sun', hour='8-23', minute='*/20'], next run at: 2024-12-22 22:20:00 CST)" (scheduled at 2024-12-22 22:00:00+08:00)
2024-12-22 22:00:00 - INFO - {'body': {'urls': []}, 'businessId': None, 'callStartTime': None, 'callUseTime': None, 'errors': [], 'exceptionCode': None, 'location': None, 'message': None, 'status': '200', 'success': True}
2024-12-22 22:00:00 - INFO - Job "executor (trigger: cron[day_of_week='sun', hour='8-23', minute='*/20'], next run at: 2024-12-22 22:20:00 CST)" executed successfully
2024-12-22 22:20:00 - INFO - Running job "executor (trigger: cron[day_of_week='sun', hour='8-23', minute='*/20'], next run at: 2024-12-22 22:40:00 CST)" (scheduled at 2024-12-22 22:20:00+08:00)
2024-12-22 22:20:00 - INFO - {'body': {'urls': []}, 'businessId': None, 'callStartTime': None, 'callUseTime': None, 'errors': [], 'exceptionCode': None, 'location': None, 'message': None, 'status': '200', 'success': True}
2024-12-22 22:20:00 - INFO - Job "executor (trigger: cron[day_of_week='sun', hour='8-23', minute='*/20'], next run at: 2024-12-22 22:40:00 CST)" executed successfully
2024-12-22 22:40:00 - INFO - Running job "executor (trigger: cron[day_of_week='sun', hour='8-23', minute='*/20'], next run at: 2024-12-22 23:00:00 CST)" (scheduled at 2024-12-22 22:40:00+08:00)
2024-12-22 22:40:00 - INFO - {'body': {'urls': []}, 'businessId': None, 'callStartTime': None, 'callUseTime': None, 'errors': [], 'exceptionCode': None, 'location': None, 'message': None, 'status': '200', 'success': True}
2024-12-22 22:40:00 - INFO - Job "executor (trigger: cron[day_of_week='sun', hour='8-23', minute='*/20'], next run at: 2024-12-22 23:00:00 CST)" executed successfully
2024-12-22 23:00:00 - INFO - Running job "executor (trigger: cron[day_of_week='sun', hour='8-23', minute='*/20'], next run at: 2024-12-22 23:20:00 CST)" (scheduled at 2024-12-22 23:00:00+08:00)
2024-12-22 23:00:00 - INFO - {'body': {'urls': []}, 'businessId': None, 'callStartTime': None, 'callUseTime': None, 'errors': [], 'exceptionCode': None, 'location': None, 'message': None, 'status': '200', 'success': True}
2024-12-22 23:00:00 - INFO - Job "executor (trigger: cron[day_of_week='sun', hour='8-23', minute='*/20'], next run at: 2024-12-22 23:20:00 CST)" executed successfully
2024-12-22 23:20:00 - INFO - Running job "executor (trigger: cron[day_of_week='sun', hour='8-23', minute='*/20'], next run at: 2024-12-22 23:40:00 CST)" (scheduled at 2024-12-22 23:20:00+08:00)
2024-12-22 23:20:00 - INFO - {'body': {'urls': []}, 'businessId': None, 'callStartTime': None, 'callUseTime': None, 'errors': [], 'exceptionCode': None, 'location': None, 'message': None, 'status': '200', 'success': True}
2024-12-22 23:20:00 - INFO - Job "executor (trigger: cron[day_of_week='sun', hour='8-23', minute='*/20'], next run at: 2024-12-22 23:40:00 CST)" executed successfully
2024-12-22 23:40:00 - INFO - Running job "executor (trigger: cron[day_of_week='sun', hour='8-23', minute='*/20'], next run at: 2024-12-29 08:00:00 CST)" (scheduled at 2024-12-22 23:40:00+08:00)
2024-12-22 23:40:00 - INFO - {'body': {'urls': []}, 'businessId': None, 'callStartTime': None, 'callUseTime': None, 'errors': [], 'exceptionCode': None, 'location': None, 'message': None, 'status': '200', 'success': True}
2024-12-22 23:40:00 - INFO - Job "executor (trigger: cron[day_of_week='sun', hour='8-23', minute='*/20'], next run at: 2024-12-29 08:00:00 CST)" executed successfully
